<?xml version="1.0" encoding="UTF-8"?>
<!-- Generated by org.testng.reporters.JUnitXMLReporter -->
<testsuite ignored="0" hostname="JaanuReddy" failures="0" tests="1" name="Regression Test" time="0.059" errors="0" timestamp="2024-05-03T20:00:49 BST">
  <testcase classname="uk.co.mercuryTravel.tests.BaseTest" name="@BeforeClass invokeBrowser1" time="0.001">
    <failure type="java.lang.NullPointerException" message="Cannot invoke &amp;quot;java.util.Properties.getProperty(String)&amp;quot; because &amp;quot;uk.co.mercuryTravel.tests.BaseTest.configProperties&amp;quot; is null">
      <![CDATA[java.lang.NullPointerException: Cannot invoke "java.util.Properties.getProperty(String)" because "uk.co.mercuryTravel.tests.BaseTest.configProperties" is null
at uk.co.mercuryTravel.tests.BaseTest.invokeBrowser1(BaseTest.java:108)
at java.base/java.util.ArrayList.forEach(ArrayList.java:1511)
... Removed 23 stack frames]]>
    </failure>
  </testcase> <!-- @BeforeClass invokeBrowser1 -->
  <testcase classname="uk.co.mercuryTravel.tests.BaseTest" name="@BeforeClass setUp" time="0.0">
    <skipped/>
  </testcase> <!-- @BeforeClass setUp -->
  <testcase classname="uk.co.mercuryTravel.tests.BaseTest" name="@AfterMethod afterMethod" time="0.0">
    <skipped/>
  </testcase> <!-- @AfterMethod afterMethod -->
  <testcase classname="uk.co.mercuryTravel.tests.BaseTest" name="@AfterClass cleanUp" time="0.0">
    <skipped/>
  </testcase> <!-- @AfterClass cleanUp -->
  <testcase classname="uk.co.mercuryTravel.tests.MercuryTravelTestcases" name="verifyUserLoginWithCorrectCredentials" time="0.001">
    <skipped/>
  </testcase> <!-- verifyUserLoginWithCorrectCredentials -->
</testsuite> <!-- Regression Test -->
